This is pdfTeX, Version 3.141592653-2.6-1.40.22 (TeX Live 2021) (preloaded format=pdflatex 2022.2.8)  1 MAR 2022 15:56
entering extended mode
 restricted \write18 enabled.
 file:line:error style messages enabled.
 %&-line parsing enabled.
**"/Users/stefanofochesatto/Documents/Documents/College Work/Homework-Spring-2022/Spatial Statistics/Homework #6/Homework #6.tex"
(/Users/stefanofochesatto/Documents/Documents/College Work/Homework-Spring-2022/Spatial Statistics/Homework #6/Homework #6.tex
LaTeX2e <2020-10-01> patch level 4
L3 programming layer <2021-02-18> (/usr/local/texlive/2021/texmf-dist/tex/latex/base/article.cls
Document Class: article 2020/04/10 v1.4m Standard LaTeX document class
(/usr/local/texlive/2021/texmf-dist/tex/latex/base/size12.clo
File: size12.clo 2020/04/10 v1.4m Standard LaTeX file (size option)
)
\c@part=\count179
\c@section=\count180
\c@subsection=\count181
\c@subsubsection=\count182
\c@paragraph=\count183
\c@subparagraph=\count184
\c@figure=\count185
\c@table=\count186
\abovecaptionskip=\skip47
\belowcaptionskip=\skip48
\bibindent=\dimen138
) (/usr/local/texlive/2021/texmf-dist/tex/latex/amsfonts/amssymb.sty
Package: amssymb 2013/01/14 v3.01 AMS font symbols
 (/usr/local/texlive/2021/texmf-dist/tex/latex/amsfonts/amsfonts.sty
Package: amsfonts 2013/01/14 v3.01 Basic AMSFonts support
\@emptytoks=\toks15
\symAMSa=\mathgroup4
\symAMSb=\mathgroup5
LaTeX Font Info:    Redeclaring math symbol \hbar on input line 98.
LaTeX Font Info:    Overwriting math alphabet `\mathfrak' in version `bold'
(Font)                  U/euf/m/n --> U/euf/b/n on input line 106.
)) (/usr/local/texlive/2021/texmf-dist/tex/latex/amsmath/amsmath.sty
Package: amsmath 2020/09/23 v2.17i AMS math features
\@mathmargin=\skip49

For additional information on amsmath, use the `?' option.
(/usr/local/texlive/2021/texmf-dist/tex/latex/amsmath/amstext.sty
Package: amstext 2000/06/29 v2.01 AMS text
 (/usr/local/texlive/2021/texmf-dist/tex/latex/amsmath/amsgen.sty
File: amsgen.sty 1999/11/30 v2.0 generic functions
\@emptytoks=\toks16
\ex@=\dimen139
)) (/usr/local/texlive/2021/texmf-dist/tex/latex/amsmath/amsbsy.sty
Package: amsbsy 1999/11/29 v1.2d Bold Symbols
\pmbraise@=\dimen140
) (/usr/local/texlive/2021/texmf-dist/tex/latex/amsmath/amsopn.sty
Package: amsopn 2016/03/08 v2.02 operator names
)
\inf@bad=\count187
LaTeX Info: Redefining \frac on input line 234.
\uproot@=\count188
\leftroot@=\count189
LaTeX Info: Redefining \overline on input line 399.
\classnum@=\count190
\DOTSCASE@=\count191
LaTeX Info: Redefining \ldots on input line 496.
LaTeX Info: Redefining \dots on input line 499.
LaTeX Info: Redefining \cdots on input line 620.
\Mathstrutbox@=\box47
\strutbox@=\box48
\big@size=\dimen141
LaTeX Font Info:    Redeclaring font encoding OML on input line 743.
LaTeX Font Info:    Redeclaring font encoding OMS on input line 744.
\macc@depth=\count192
\c@MaxMatrixCols=\count193
\dotsspace@=\muskip16
\c@parentequation=\count194
\dspbrk@lvl=\count195
\tag@help=\toks17
\row@=\count196
\column@=\count197
\maxfields@=\count198
\andhelp@=\toks18
\eqnshift@=\dimen142
\alignsep@=\dimen143
\tagshift@=\dimen144
\tagwidth@=\dimen145
\totwidth@=\dimen146
\lineht@=\dimen147
\@envbody=\toks19
\multlinegap=\skip50
\multlinetaggap=\skip51
\mathdisplay@stack=\toks20
LaTeX Info: Redefining \[ on input line 2923.
LaTeX Info: Redefining \] on input line 2924.
) (/usr/local/texlive/2021/texmf-dist/tex/latex/amscls/amsthm.sty
Package: amsthm 2020/05/29 v2.20.6
\thm@style=\toks21
\thm@bodyfont=\toks22
\thm@headfont=\toks23
\thm@notefont=\toks24
\thm@headpunct=\toks25
\thm@preskip=\skip52
\thm@postskip=\skip53
\thm@headsep=\skip54
\dth@everypar=\toks26
) (/usr/local/texlive/2021/texmf-dist/tex/latex/geometry/geometry.sty
Package: geometry 2020/01/02 v5.9 Page Geometry
 (/usr/local/texlive/2021/texmf-dist/tex/latex/graphics/keyval.sty
Package: keyval 2014/10/28 v1.15 key=value parser (DPC)
\KV@toks@=\toks27
) (/usr/local/texlive/2021/texmf-dist/tex/generic/iftex/ifvtex.sty
Package: ifvtex 2019/10/25 v1.7 ifvtex legacy package. Use iftex instead.
 (/usr/local/texlive/2021/texmf-dist/tex/generic/iftex/iftex.sty
Package: iftex 2020/03/06 v1.0d TeX engine tests
))
\Gm@cnth=\count199
\Gm@cntv=\count266
\c@Gm@tempcnt=\count267
\Gm@bindingoffset=\dimen148
\Gm@wd@mp=\dimen149
\Gm@odd@mp=\dimen150
\Gm@even@mp=\dimen151
\Gm@layoutwidth=\dimen152
\Gm@layoutheight=\dimen153
\Gm@layouthoffset=\dimen154
\Gm@layoutvoffset=\dimen155
\Gm@dimlist=\toks28
) (/usr/local/texlive/2021/texmf-dist/tex/latex/fancyhdr/fancyhdr.sty
Package: fancyhdr 2021/01/28 v4.0.1 Extensive control of page headers and footers
\f@nch@headwidth=\skip55
\f@nch@O@elh=\skip56
\f@nch@O@erh=\skip57
\f@nch@O@olh=\skip58
\f@nch@O@orh=\skip59
\f@nch@O@elf=\skip60
\f@nch@O@erf=\skip61
\f@nch@O@olf=\skip62
\f@nch@O@orf=\skip63
) (/usr/local/texlive/2021/texmf-dist/tex/latex/tools/enumerate.sty
Package: enumerate 2015/07/23 v3.00 enumerate extensions (DPC)
\@enLab=\toks29
) (/usr/local/texlive/2021/texmf-dist/tex/latex/listings/listings.sty
\lst@mode=\count268
\lst@gtempboxa=\box49
\lst@token=\toks30
\lst@length=\count269
\lst@currlwidth=\dimen156
\lst@column=\count270
\lst@pos=\count271
\lst@lostspace=\dimen157
\lst@width=\dimen158
\lst@newlines=\count272
\lst@lineno=\count273
\lst@maxwidth=\dimen159
 (/usr/local/texlive/2021/texmf-dist/tex/latex/listings/lstmisc.sty
File: lstmisc.sty 2020/03/24 1.8d (Carsten Heinz)
\c@lstnumber=\count274
\lst@skipnumbers=\count275
\lst@framebox=\box50
) (/usr/local/texlive/2021/texmf-dist/tex/latex/listings/listings.cfg
File: listings.cfg 2020/03/24 1.8d listings configuration
))
Package: listings 2020/03/24 1.8d (Carsten Heinz)
 (/usr/local/texlive/2021/texmf-dist/tex/latex/graphics/graphicx.sty
Package: graphicx 2020/09/09 v1.2b Enhanced LaTeX Graphics (DPC,SPQR)
 (/usr/local/texlive/2021/texmf-dist/tex/latex/graphics/graphics.sty
Package: graphics 2020/08/30 v1.4c Standard LaTeX Graphics (DPC,SPQR)
 (/usr/local/texlive/2021/texmf-dist/tex/latex/graphics/trig.sty
Package: trig 2016/01/03 v1.10 sin cos tan (DPC)
) (/usr/local/texlive/2021/texmf-dist/tex/latex/graphics-cfg/graphics.cfg
File: graphics.cfg 2016/06/04 v1.11 sample graphics configuration
)
Package graphics Info: Driver file: pdftex.def on input line 105.
 (/usr/local/texlive/2021/texmf-dist/tex/latex/graphics-def/pdftex.def
File: pdftex.def 2020/10/05 v1.2a Graphics/color driver for pdftex
))
\Gin@req@height=\dimen160
\Gin@req@width=\dimen161
) (/usr/local/texlive/2021/texmf-dist/tex/latex/float/float.sty
Package: float 2001/11/08 v1.3d Float enhancements (AL)
\c@float@type=\count276
\float@exts=\toks31
\float@box=\box51
\@float@everytoks=\toks32
\@floatcapt=\box52
) (/usr/local/texlive/2021/texmf-dist/tex/latex/tools/multicol.sty
Package: multicol 2019/12/09 v1.8y multicolumn formatting (FMi)
\c@tracingmulticols=\count277
\mult@box=\box53
\multicol@leftmargin=\dimen162
\c@unbalance=\count278
\c@collectmore=\count279
\doublecol@number=\count280
\multicoltolerance=\count281
\multicolpretolerance=\count282
\full@width=\dimen163
\page@free=\dimen164
\premulticols=\dimen165
\postmulticols=\dimen166
\multicolsep=\skip64
\multicolbaselineskip=\skip65
\partial@page=\box54
\last@line=\box55
\maxbalancingoverflow=\dimen167
\mult@rightbox=\box56
\mult@grightbox=\box57
\mult@gfirstbox=\box58
\mult@firstbox=\box59
\@tempa=\box60
\@tempa=\box61
\@tempa=\box62
\@tempa=\box63
\@tempa=\box64
\@tempa=\box65
\@tempa=\box66
\@tempa=\box67
\@tempa=\box68
\@tempa=\box69
\@tempa=\box70
\@tempa=\box71
\@tempa=\box72
\@tempa=\box73
\@tempa=\box74
\@tempa=\box75
\@tempa=\box76
\@tempa=\box77
\@tempa=\box78
\@tempa=\box79
\@tempa=\box80
\@tempa=\box81
\@tempa=\box82
\@tempa=\box83
\@tempa=\box84
\@tempa=\box85
\@tempa=\box86
\@tempa=\box87
\@tempa=\box88
\@tempa=\box89
\@tempa=\box90
\@tempa=\box91
\@tempa=\box92
\@tempa=\box93
\@tempa=\box94
\@tempa=\box95
\@tempa=\box96
\c@minrows=\count283
\c@columnbadness=\count284
\c@finalcolumnbadness=\count285
\last@try=\dimen168
\multicolovershoot=\dimen169
\multicolundershoot=\dimen170
\mult@nat@firstbox=\box97
\colbreak@box=\box98
\mc@col@check@num=\count286
) (/usr/local/texlive/2021/texmf-dist/tex/latex/psnfss/times.sty
Package: times 2020/03/25 PSNFSS-v9.3 (SPQR) 
) (/usr/local/texlive/2021/texmf-dist/tex/latex/txfonts/txfonts.sty
Package: txfonts 2008/01/22 v3.2.1
LaTeX Font Info:    Redeclaring symbol font `operators' on input line 21.
LaTeX Font Info:    Overwriting symbol font `operators' in version `normal'
(Font)                  OT1/cmr/m/n --> OT1/txr/m/n on input line 21.
LaTeX Font Info:    Overwriting symbol font `operators' in version `bold'
(Font)                  OT1/cmr/bx/n --> OT1/txr/m/n on input line 21.
LaTeX Font Info:    Overwriting symbol font `operators' in version `bold'
(Font)                  OT1/txr/m/n --> OT1/txr/bx/n on input line 22.
\symitalic=\mathgroup6
LaTeX Font Info:    Overwriting symbol font `italic' in version `bold'
(Font)                  OT1/txr/m/it --> OT1/txr/bx/it on input line 26.
LaTeX Font Info:    Redeclaring math alphabet \mathbf on input line 29.
LaTeX Font Info:    Overwriting math alphabet `\mathbf' in version `normal'
(Font)                  OT1/cmr/bx/n --> OT1/txr/bx/n on input line 29.
LaTeX Font Info:    Overwriting math alphabet `\mathbf' in version `bold'
(Font)                  OT1/cmr/bx/n --> OT1/txr/bx/n on input line 29.
LaTeX Font Info:    Redeclaring math alphabet \mathit on input line 30.
LaTeX Font Info:    Overwriting math alphabet `\mathit' in version `normal'
(Font)                  OT1/cmr/m/it --> OT1/txr/m/it on input line 30.
LaTeX Font Info:    Overwriting math alphabet `\mathit' in version `bold'
(Font)                  OT1/cmr/bx/it --> OT1/txr/m/it on input line 30.
LaTeX Font Info:    Overwriting math alphabet `\mathit' in version `bold'
(Font)                  OT1/txr/m/it --> OT1/txr/bx/it on input line 31.
LaTeX Font Info:    Redeclaring math alphabet \mathsf on input line 40.
LaTeX Font Info:    Overwriting math alphabet `\mathsf' in version `normal'
(Font)                  OT1/cmss/m/n --> OT1/txss/m/n on input line 40.
LaTeX Font Info:    Overwriting math alphabet `\mathsf' in version `bold'
(Font)                  OT1/cmss/bx/n --> OT1/txss/m/n on input line 40.
LaTeX Font Info:    Overwriting math alphabet `\mathsf' in version `bold'
(Font)                  OT1/txss/m/n --> OT1/txss/b/n on input line 41.
LaTeX Font Info:    Redeclaring math alphabet \mathtt on input line 50.
LaTeX Font Info:    Overwriting math alphabet `\mathtt' in version `normal'
(Font)                  OT1/cmtt/m/n --> OT1/txtt/m/n on input line 50.
LaTeX Font Info:    Overwriting math alphabet `\mathtt' in version `bold'
(Font)                  OT1/cmtt/m/n --> OT1/txtt/m/n on input line 50.
LaTeX Font Info:    Overwriting math alphabet `\mathtt' in version `bold'
(Font)                  OT1/txtt/m/n --> OT1/txtt/b/n on input line 51.
LaTeX Font Info:    Redeclaring symbol font `letters' on input line 58.
LaTeX Font Info:    Overwriting symbol font `letters' in version `normal'
(Font)                  OML/cmm/m/it --> OML/txmi/m/it on input line 58.
LaTeX Font Info:    Overwriting symbol font `letters' in version `bold'
(Font)                  OML/cmm/b/it --> OML/txmi/m/it on input line 58.
LaTeX Font Info:    Overwriting symbol font `letters' in version `bold'
(Font)                  OML/txmi/m/it --> OML/txmi/bx/it on input line 59.
\symlettersA=\mathgroup7
LaTeX Font Info:    Overwriting symbol font `lettersA' in version `bold'
(Font)                  U/txmia/m/it --> U/txmia/bx/it on input line 67.
LaTeX Font Info:    Redeclaring math alphabet \mathfrak on input line 70.
LaTeX Font Info:    Redeclaring symbol font `symbols' on input line 77.
LaTeX Font Info:    Overwriting symbol font `symbols' in version `normal'
(Font)                  OMS/cmsy/m/n --> OMS/txsy/m/n on input line 77.
LaTeX Font Info:    Overwriting symbol font `symbols' in version `bold'
(Font)                  OMS/cmsy/b/n --> OMS/txsy/m/n on input line 77.
LaTeX Font Info:    Overwriting symbol font `symbols' in version `bold'
(Font)                  OMS/txsy/m/n --> OMS/txsy/bx/n on input line 78.
LaTeX Font Info:    Redeclaring symbol font `AMSa' on input line 93.
LaTeX Font Info:    Overwriting symbol font `AMSa' in version `normal'
(Font)                  U/msa/m/n --> U/txsya/m/n on input line 93.
LaTeX Font Info:    Overwriting symbol font `AMSa' in version `bold'
(Font)                  U/msa/m/n --> U/txsya/m/n on input line 93.
LaTeX Font Info:    Overwriting symbol font `AMSa' in version `bold'
(Font)                  U/txsya/m/n --> U/txsya/bx/n on input line 94.
LaTeX Font Info:    Redeclaring symbol font `AMSb' on input line 102.
LaTeX Font Info:    Overwriting symbol font `AMSb' in version `normal'
(Font)                  U/msb/m/n --> U/txsyb/m/n on input line 102.
LaTeX Font Info:    Overwriting symbol font `AMSb' in version `bold'
(Font)                  U/msb/m/n --> U/txsyb/m/n on input line 102.
LaTeX Font Info:    Overwriting symbol font `AMSb' in version `bold'
(Font)                  U/txsyb/m/n --> U/txsyb/bx/n on input line 103.
\symsymbolsC=\mathgroup8
LaTeX Font Info:    Overwriting symbol font `symbolsC' in version `bold'
(Font)                  U/txsyc/m/n --> U/txsyc/bx/n on input line 113.
LaTeX Font Info:    Redeclaring symbol font `largesymbols' on input line 120.
LaTeX Font Info:    Overwriting symbol font `largesymbols' in version `normal'
(Font)                  OMX/cmex/m/n --> OMX/txex/m/n on input line 120.
LaTeX Font Info:    Overwriting symbol font `largesymbols' in version `bold'
(Font)                  OMX/cmex/m/n --> OMX/txex/m/n on input line 120.
LaTeX Font Info:    Overwriting symbol font `largesymbols' in version `bold'
(Font)                  OMX/txex/m/n --> OMX/txex/bx/n on input line 121.
\symlargesymbolsA=\mathgroup9
LaTeX Font Info:    Overwriting symbol font `largesymbolsA' in version `bold'
(Font)                  U/txexa/m/n --> U/txexa/bx/n on input line 129.
LaTeX Font Info:    Redeclaring math symbol \mathsterling on input line 164.
LaTeX Info: Redefining \not on input line 1043.
LaTeX Info: Redefining \textsquare on input line 1063.
LaTeX Info: Redefining \openbox on input line 1064.
) (/usr/local/texlive/2021/texmf-dist/tex/latex/mwe/mwe.sty
Package: mwe 2018/03/30 v0.5 Package to support minimal working examples (MWE)
 (/usr/local/texlive/2021/texmf-dist/tex/latex/lipsum/lipsum.sty (/usr/local/texlive/2021/texmf-dist/tex/latex/l3kernel/expl3.sty
Package: expl3 2021-02-18 L3 programming layer (loader) 
 (/usr/local/texlive/2021/texmf-dist/tex/latex/l3backend/l3backend-pdftex.def
File: l3backend-pdftex.def 2021-03-18 L3 backend support: PDF output (pdfTeX)
\l__color_backend_stack_int=\count287
\l__pdf_internal_box=\box99
)) (/usr/local/texlive/2021/texmf-dist/tex/latex/l3packages/xparse/xparse.sty (/usr/local/texlive/2021/texmf-dist/tex/latex/l3packages/xparse/xparse-2020-10-01.sty (/usr/local/texlive/2021/texmf-dist/tex/latex/l3packages/xparse/xparse-generic.tex)))
Package: lipsum 2021-03-03 v2.3 150 paragraphs of Lorem Ipsum dummy text
 (/usr/local/texlive/2021/texmf-dist/tex/latex/lipsum/lipsum.ltd.tex
File: lipsum.ltd.tex 2021-03-03 v2.3 The Lorem ipsum dummy text
)) (/usr/local/texlive/2021/texmf-dist/tex/latex/blindtext/blindtext.sty
Package: blindtext 2012/01/06 V2.0 blindtext-Package
 (/usr/local/texlive/2021/texmf-dist/tex/latex/tools/xspace.sty
Package: xspace 2014/10/28 v1.13 Space after command names (DPC,MH)
)
\c@blindtext=\count288
\c@Blindtext=\count289
\c@blind@countparstart=\count290
\blind@countxx=\count291
\blindtext@numBlindtext=\count292
\blind@countyy=\count293
\c@blindlist=\count294
\c@blindlistlevel=\count295
\c@blindlist@level=\count296
\blind@listitem=\count297
\c@blind@listcount=\count298
\c@blind@levelcount=\count299
\blind@mathformula=\count300
\blind@Mathformula=\count301
\c@blind@randomcount=\count302
\c@blind@randommax=\count303
\c@blind@pangramcount=\count304
\c@blind@pangrammax=\count305
)) (/usr/local/texlive/2021/texmf-dist/tex/latex/caption/caption.sty
Package: caption 2020/10/26 v3.5g Customizing captions (AR)
 (/usr/local/texlive/2021/texmf-dist/tex/latex/caption/caption3.sty
Package: caption3 2020/10/21 v2.2e caption3 kernel (AR)
\captionmargin=\dimen171
\captionmargin@=\dimen172
\captionwidth=\dimen173
\caption@tempdima=\dimen174
\caption@indent=\dimen175
\caption@parindent=\dimen176
\caption@hangindent=\dimen177
Package caption Info: Standard document class detected.
)
\c@caption@flags=\count306
\c@continuedfloat=\count307
Package caption Info: float package is loaded.
Package caption Info: listings package is loaded.
) (/usr/local/texlive/2021/texmf-dist/tex/latex/caption/subcaption.sty
Package: subcaption 2020/10/07 v1.3j Sub-captions (AR)
\c@subfigure=\count308
\c@subtable=\count309
)
LaTeX Font Info:    Trying to load font information for OT1+txr on input line 123.
 (/usr/local/texlive/2021/texmf-dist/tex/latex/txfonts/ot1txr.fd
File: ot1txr.fd 2000/12/15 v3.1
) (/Users/stefanofochesatto/Documents/Documents/College Work/Homework-Spring-2022/Spatial Statistics/Homework #6/Homework #6.aux)
\openout1 = `"Homework #6.aux"'.

LaTeX Font Info:    Checking defaults for OML/txmi/m/it on input line 123.
LaTeX Font Info:    Trying to load font information for OML+txmi on input line 123.
 (/usr/local/texlive/2021/texmf-dist/tex/latex/txfonts/omltxmi.fd
File: omltxmi.fd 2000/12/15 v3.1
)
LaTeX Font Info:    ... okay on input line 123.
LaTeX Font Info:    Checking defaults for OMS/txsy/m/n on input line 123.
LaTeX Font Info:    Trying to load font information for OMS+txsy on input line 123.
 (/usr/local/texlive/2021/texmf-dist/tex/latex/txfonts/omstxsy.fd
File: omstxsy.fd 2000/12/15 v3.1
)
LaTeX Font Info:    ... okay on input line 123.
LaTeX Font Info:    Checking defaults for OT1/cmr/m/n on input line 123.
LaTeX Font Info:    ... okay on input line 123.
LaTeX Font Info:    Checking defaults for T1/cmr/m/n on input line 123.
LaTeX Font Info:    ... okay on input line 123.
LaTeX Font Info:    Checking defaults for TS1/cmr/m/n on input line 123.
LaTeX Font Info:    ... okay on input line 123.
LaTeX Font Info:    Checking defaults for OMX/txex/m/n on input line 123.
LaTeX Font Info:    Trying to load font information for OMX+txex on input line 123.
 (/usr/local/texlive/2021/texmf-dist/tex/latex/txfonts/omxtxex.fd
File: omxtxex.fd 2000/12/15 v3.1
)
LaTeX Font Info:    ... okay on input line 123.
LaTeX Font Info:    Checking defaults for U/txexa/m/n on input line 123.
LaTeX Font Info:    Trying to load font information for U+txexa on input line 123.
 (/usr/local/texlive/2021/texmf-dist/tex/latex/txfonts/utxexa.fd
File: utxexa.fd 2000/12/15 v3.1
)
LaTeX Font Info:    ... okay on input line 123.

*geometry* driver: auto-detecting
*geometry* detected driver: pdftex
*geometry* verbose mode - [ preamble ] result:
* driver: pdftex
* paper: <default>
* layout: <same size as paper>
* layoutoffset:(h,v)=(0.0pt,0.0pt)
* modes: 
* h-part:(L,W,R)=(90.3375pt, 433.62001pt, 90.3375pt)
* v-part:(T,H,B)=(72.26999pt, 650.43001pt, 72.26999pt)
* \paperwidth=614.295pt
* \paperheight=794.96999pt
* \textwidth=433.62001pt
* \textheight=650.43001pt
* \oddsidemargin=18.0675pt
* \evensidemargin=18.0675pt
* \topmargin=-37.0pt
* \headheight=15.0pt
* \headsep=25.0pt
* \topskip=12.0pt
* \footskip=30.0pt
* \marginparwidth=44.0pt
* \marginparsep=10.0pt
* \columnsep=10.0pt
* \skip\footins=10.8pt plus 4.0pt minus 2.0pt
* \hoffset=0.0pt
* \voffset=0.0pt
* \mag=1000
* \@twocolumnfalse
* \@twosidefalse
* \@mparswitchfalse
* \@reversemarginfalse
* (1in=72.27pt=25.4mm, 1cm=28.453pt)

\c@lstlisting=\count310
(/usr/local/texlive/2021/texmf-dist/tex/context/base/mkii/supp-pdf.mkii
[Loading MPS to PDF converter (version 2006.09.02).]
\scratchcounter=\count311
\scratchdimen=\dimen178
\scratchbox=\box100
\nofMPsegments=\count312
\nofMParguments=\count313
\everyMPshowfont=\toks33
\MPscratchCnt=\count314
\MPscratchDim=\dimen179
\MPnumerator=\count315
\makeMPintoPDFobject=\count316
\everyMPtoPDFconversion=\toks34
) (/usr/local/texlive/2021/texmf-dist/tex/latex/epstopdf-pkg/epstopdf-base.sty
Package: epstopdf-base 2020-01-24 v2.11 Base part for package epstopdf
Package epstopdf-base Info: Redefining graphics rule for `.eps' on input line 485.
 (/usr/local/texlive/2021/texmf-dist/tex/latex/latexconfig/epstopdf-sys.cfg
File: epstopdf-sys.cfg 2010/07/13 v1.3 Configuration of (r)epstopdf for TeX Live
))
Package caption Info: Begin \AtBeginDocument code.
Package caption Info: End \AtBeginDocument code.
LaTeX Font Info:    Font shape `OT1/txr/b/n' in size <12> not available
(Font)              Font shape `OT1/txr/bx/n' tried instead on input line 125.

Underfull \hbox (badness 10000) in paragraph at lines 125--127

 []

<Rplot.png, id=1, 970.62625pt x 778.91pt>
File: Rplot.png Graphic file (type png)
<use Rplot.png>
Package pdftex.def Info: Rplot.png  used on input line 132.
(pdftex.def)             Requested size: 433.62001pt x 347.97472pt.
(/Users/stefanofochesatto/Documents/Documents/College Work/Homework-Spring-2022/Spatial Statistics/Homework #6/r1.txt
LaTeX Font Info:    Trying to load font information for OML+txr on input line 1.
 (/usr/local/texlive/2021/texmf-dist/tex/latex/txfonts/omltxr.fd
File: omltxr.fd 2000/12/15 v3.1
)
LaTeX Font Info:    Font shape `OML/txr/m/n' in size <10> not available
(Font)              Font shape `OML/txmi/m/it' tried instead on input line 1.
LaTeX Font Info:    Trying to load font information for TS1+txr on input line 1.
 (/usr/local/texlive/2021/texmf-dist/tex/latex/txfonts/ts1txr.fd
File: ts1txr.fd 2000/12/15 v3.1
))
Underfull \hbox (badness 10000) in paragraph at lines 139--142

 []

[1{/usr/local/texlive/2021/texmf-var/fonts/map/pdftex/updmap/pdftex.map}

 </Users/stefanofochesatto/Documents/Documents/College Work/Homework-Spring-2022/Spatial Statistics/Homework #6/Rplot.png>]
<Rplot01.png, id=14, 904.37875pt x 733.74126pt>
File: Rplot01.png Graphic file (type png)
<use Rplot01.png>
Package pdftex.def Info: Rplot01.png  used on input line 151.
(pdftex.def)             Requested size: 433.62001pt x 351.79994pt.
 (/Users/stefanofochesatto/Documents/Documents/College Work/Homework-Spring-2022/Spatial Statistics/Homework #6/r2.txt) [2 </Users/stefanofochesatto/Documents/Documents/College Work/Homework-Spring-2022/Spatial Statistics/Homework #6/Rplot01.png>]
Underfull \hbox (badness 10000) in paragraph at lines 166--171

 []

(/Users/stefanofochesatto/Documents/Documents/College Work/Homework-Spring-2022/Spatial Statistics/Homework #6/r3.txt [3])
<original.png, id=22, 904.37875pt x 733.74126pt>
File: original.png Graphic file (type png)
<use original.png>
Package pdftex.def Info: original.png  used on input line 182.
(pdftex.def)             Requested size: 325.215pt x 263.84436pt.
<root.png, id=23, 904.37875pt x 733.74126pt>
File: root.png Graphic file (type png)
<use root.png>
Package pdftex.def Info: root.png  used on input line 188.
(pdftex.def)             Requested size: 325.215pt x 263.84436pt.
<log.png, id=24, 904.37875pt x 733.74126pt>
File: log.png Graphic file (type png)
<use log.png>
Package pdftex.def Info: log.png  used on input line 194.
(pdftex.def)             Requested size: 325.215pt x 263.84436pt.
 [4 </Users/stefanofochesatto/Documents/Documents/College Work/Homework-Spring-2022/Spatial Statistics/Homework #6/original.png>] [5 </Users/stefanofochesatto/Documents/Documents/College Work/Homework-Spring-2022/Spatial Statistics/Homework #6/root.png> </Users/stefanofochesatto/Documents/Documents/College Work/Homework-Spring-2022/Spatial Statistics/Homework #6/log.png>] (/Users/stefanofochesatto/Documents/Documents/College Work/Homework-Spring-2022/Spatial Statistics/Homework #6/r4.txt
LaTeX Font Info:    Trying to load font information for OMS+txr on input line 29.
 (/usr/local/texlive/2021/texmf-dist/tex/latex/txfonts/omstxr.fd
File: omstxr.fd 2000/12/15 v3.1
)
LaTeX Font Info:    Font shape `OMS/txr/m/n' in size <10> not available
(Font)              Font shape `OMS/txsy/m/n' tried instead on input line 29.
) [6]
<Rplot02.png, id=38, 861.2175pt x 733.74126pt>
File: Rplot02.png Graphic file (type png)
<use Rplot02.png>
Package pdftex.def Info: Rplot02.png  used on input line 218.
(pdftex.def)             Requested size: 325.215pt x 277.078pt.
 (/Users/stefanofochesatto/Documents/Documents/College Work/Homework-Spring-2022/Spatial Statistics/Homework #6/r5.txt
Overfull \hbox (10.3845pt too wide) in paragraph at lines 2--4
[][][][][][][][][][][][][][][][][][][][][][][][][][][][][][][][][][][][][][][][] 
 []


Overfull \hbox (4.38445pt too wide) in paragraph at lines 10--11
[][][][][][][][][][][][][][][][][][][][][][][][] 
 []

[7 </Users/stefanofochesatto/Documents/Documents/College Work/Homework-Spring-2022/Spatial Statistics/Homework #6/Rplot02.png>])
<Rplot03.png, id=44, 861.2175pt x 733.74126pt>
File: Rplot03.png Graphic file (type png)
<use Rplot03.png>
Package pdftex.def Info: Rplot03.png  used on input line 232.
(pdftex.def)             Requested size: 325.215pt x 277.078pt.
 (/Users/stefanofochesatto/Documents/Documents/College Work/Homework-Spring-2022/Spatial Statistics/Homework #6/r6.txt)
<Gaussian.png, id=45, 502.87875pt x 503.63156pt>
File: Gaussian.png Graphic file (type png)
<use Gaussian.png>
Package pdftex.def Info: Gaussian.png  used on input line 248.
(pdftex.def)             Requested size: 195.12767pt x 195.41649pt.
<Exponential.png, id=46, 502.12593pt x 503.63156pt>
File: Exponential.png Graphic file (type png)
<use Exponential.png>
Package pdftex.def Info: Exponential.png  used on input line 254.
(pdftex.def)             Requested size: 195.12767pt x 195.7162pt.
<Spherical.png, id=47, 504.38437pt x 502.87875pt>
File: Spherical.png Graphic file (type png)
<use Spherical.png>
Package pdftex.def Info: Spherical.png  used on input line 260.
(pdftex.def)             Requested size: 195.12767pt x 194.54121pt.
 [8 </Users/stefanofochesatto/Documents/Documents/College Work/Homework-Spring-2022/Spatial Statistics/Homework #6/Rplot03.png>]
LaTeX Font Info:    Trying to load font information for U+txsya on input line 268.
 (/usr/local/texlive/2021/texmf-dist/tex/latex/txfonts/utxsya.fd
File: utxsya.fd 2000/12/15 v3.1
)
LaTeX Font Info:    Trying to load font information for U+txsyb on input line 268.
 (/usr/local/texlive/2021/texmf-dist/tex/latex/txfonts/utxsyb.fd
File: utxsyb.fd 2000/12/15 v3.1
)
LaTeX Font Info:    Trying to load font information for U+txmia on input line 268.
 (/usr/local/texlive/2021/texmf-dist/tex/latex/txfonts/utxmia.fd
File: utxmia.fd 2000/12/15 v3.1
)
LaTeX Font Info:    Trying to load font information for U+txsyc on input line 268.
 (/usr/local/texlive/2021/texmf-dist/tex/latex/txfonts/utxsyc.fd
File: utxsyc.fd 2000/12/15 v3.1
)
<Rplot04.png, id=52, 894.34125pt x 763.85374pt>
File: Rplot04.png Graphic file (type png)
<use Rplot04.png>
Package pdftex.def Info: Rplot04.png  used on input line 287.
(pdftex.def)             Requested size: 433.62001pt x 370.36371pt.
 [9 </Users/stefanofochesatto/Documents/Documents/College Work/Homework-Spring-2022/Spatial Statistics/Homework #6/Gaussian.png> </Users/stefanofochesatto/Documents/Documents/College Work/Homework-Spring-2022/Spatial Statistics/Homework #6/Exponential.png> </Users/stefanofochesatto/Documents/Documents/College Work/Homework-Spring-2022/Spatial Statistics/Homework #6/Spherical.png>]
<Rplot05.png, id=59, 894.34125pt x 763.85374pt>
File: Rplot05.png Graphic file (type png)
<use Rplot05.png>
Package pdftex.def Info: Rplot05.png  used on input line 293.
(pdftex.def)             Requested size: 433.62001pt x 370.36371pt.
<Rplot06.png, id=60, 894.34125pt x 763.85374pt>
File: Rplot06.png Graphic file (type png)
<use Rplot06.png>
Package pdftex.def Info: Rplot06.png  used on input line 299.
(pdftex.def)             Requested size: 433.62001pt x 370.36371pt.
 [10 </Users/stefanofochesatto/Documents/Documents/College Work/Homework-Spring-2022/Spatial Statistics/Homework #6/Rplot04.png>] [11 </Users/stefanofochesatto/Documents/Documents/College Work/Homework-Spring-2022/Spatial Statistics/Homework #6/Rplot05.png>] (/Users/stefanofochesatto/Documents/Documents/College Work/Homework-Spring-2022/Spatial Statistics/Homework #6/r7.txt [12 </Users/stefanofochesatto/Documents/Documents/College Work/Homework-Spring-2022/Spatial Statistics/Homework #6/Rplot06.png>]
Overfull \hbox (16.38457pt too wide) in paragraph at lines 29--30
[][][][][][][][][][][][][][][][][][][][][][][][][][][][][][][][] 
 []

[13]
Overfull \hbox (16.38457pt too wide) in paragraph at lines 80--81
[][][][][][][][][][][][][][][][][][][][][][][][][][][][][][][][] 
 []


Overfull \hbox (16.38457pt too wide) in paragraph at lines 120--121
[][][][][][][][][][][][][][][][][][][][][][][][][][][][][][][][] 
 []

) [14]
<Rplot07.png, id=80, 1004.75375pt x 768.8725pt>
File: Rplot07.png Graphic file (type png)
<use Rplot07.png>
Package pdftex.def Info: Rplot07.png  used on input line 336.
(pdftex.def)             Requested size: 433.62001pt x 331.81712pt.
 (/Users/stefanofochesatto/Documents/Documents/College Work/Homework-Spring-2022/Spatial Statistics/Homework #6/r8.txt [15 </Users/stefanofochesatto/Documents/Documents/College Work/Homework-Spring-2022/Spatial Statistics/Homework #6/Rplot07.png>])
<Rplot08.png, id=85, 728.7225pt x 648.4225pt>
File: Rplot08.png Graphic file (type png)
<use Rplot08.png>
Package pdftex.def Info: Rplot08.png  used on input line 350.
(pdftex.def)             Requested size: 433.62001pt x 385.83101pt.
 [16] (/Users/stefanofochesatto/Documents/Documents/College Work/Homework-Spring-2022/Spatial Statistics/Homework #6/r9.txt [17 </Users/stefanofochesatto/Documents/Documents/College Work/Homework-Spring-2022/Spatial Statistics/Homework #6/Rplot08.png>])
Overfull \hbox (9.53928pt too wide) in paragraph at lines 373--375
\OT1/txr/bx/n/12 Exercise 3: \OT1/txr/m/n/12 Fit a Bayesian model to these data by mod-i-fy-ing the R code, Bayesian[]kriging.r,
 []


Underfull \hbox (badness 10000) in paragraph at lines 373--375

 []

<Rplot09.png, id=93, 761.84625pt x 648.4225pt>
File: Rplot09.png Graphic file (type png)
<use Rplot09.png>
Package pdftex.def Info: Rplot09.png  used on input line 378.
(pdftex.def)             Requested size: 433.62001pt x 369.06049pt.

Overfull \hbox (0.43129pt too wide) in paragraph at lines 375--380
\OT1/txr/m/n/12 Using the Bayesian[]kriging.r R code to fit a Bayesian model, we get the fol-low-ing smoothed
 []

[18]
<Rplot10.png, id=99, 761.84625pt x 648.4225pt>
File: Rplot10.png Graphic file (type png)
<use Rplot10.png>
Package pdftex.def Info: Rplot10.png  used on input line 384.
(pdftex.def)             Requested size: 433.62001pt x 369.06049pt.
<Rplot11.png, id=100, 761.84625pt x 648.4225pt>
File: Rplot11.png Graphic file (type png)
<use Rplot11.png>
Package pdftex.def Info: Rplot11.png  used on input line 389.
(pdftex.def)             Requested size: 433.62001pt x 369.06049pt.
 [19 </Users/stefanofochesatto/Documents/Documents/College Work/Homework-Spring-2022/Spatial Statistics/Homework #6/Rplot09.png>] [20 </Users/stefanofochesatto/Documents/Documents/College Work/Homework-Spring-2022/Spatial Statistics/Homework #6/Rplot10.png>]
<Rplot14.png, id=110, 803.0pt x 803.0pt>
File: Rplot14.png Graphic file (type png)
<use Rplot14.png>
Package pdftex.def Info: Rplot14.png  used on input line 401.
(pdftex.def)             Requested size: 433.62001pt x 433.6258pt.
<Rplot15.png, id=111, 803.0pt x 803.0pt>
File: Rplot15.png Graphic file (type png)
<use Rplot15.png>
Package pdftex.def Info: Rplot15.png  used on input line 406.
(pdftex.def)             Requested size: 433.62001pt x 433.6258pt.
 [21 </Users/stefanofochesatto/Documents/Documents/College Work/Homework-Spring-2022/Spatial Statistics/Homework #6/Rplot11.png>]
<Rplot16.png, id=116, 803.0pt x 250.9375pt>
File: Rplot16.png Graphic file (type png)
<use Rplot16.png>
Package pdftex.def Info: Rplot16.png  used on input line 411.
(pdftex.def)             Requested size: 433.62001pt x 135.50804pt.
 [22 </Users/stefanofochesatto/Documents/Documents/College Work/Homework-Spring-2022/Spatial Statistics/Homework #6/Rplot14.png>] (/Users/stefanofochesatto/Documents/Documents/College Work/Homework-Spring-2022/Spatial Statistics/Homework #6/r10.txt [23 </Users/stefanofochesatto/Documents/Documents/College Work/Homework-Spring-2022/Spatial Statistics/Homework #6/Rplot15.png> </Users/stefanofochesatto/Documents/Documents/College Work/Homework-Spring-2022/Spatial Statistics/Homework #6/Rplot16.png>] [24])
<Rplot17.png, id=129, 761.84625pt x 648.4225pt>
File: Rplot17.png Graphic file (type png)
<use Rplot17.png>
Package pdftex.def Info: Rplot17.png  used on input line 426.
(pdftex.def)             Requested size: 195.12767pt x 166.07277pt.
<Rplot18.png, id=130, 761.84625pt x 648.4225pt>
File: Rplot18.png Graphic file (type png)
<use Rplot18.png>
Package pdftex.def Info: Rplot18.png  used on input line 432.
(pdftex.def)             Requested size: 195.12767pt x 166.07277pt.
<Rplot19.png, id=131, 761.84625pt x 648.4225pt>
File: Rplot19.png Graphic file (type png)
<use Rplot19.png>
Package pdftex.def Info: Rplot19.png  used on input line 438.
(pdftex.def)             Requested size: 195.12767pt x 166.07277pt.
 [25] (/Users/stefanofochesatto/Documents/Documents/College Work/Homework-Spring-2022/Spatial Statistics/Homework #6/r11.txt) [26 </Users/stefanofochesatto/Documents/Documents/College Work/Homework-Spring-2022/Spatial Statistics/Homework #6/Rplot17.png> </Users/stefanofochesatto/Documents/Documents/College Work/Homework-Spring-2022/Spatial Statistics/Homework #6/Rplot18.png> </Users/stefanofochesatto/Documents/Documents/College Work/Homework-Spring-2022/Spatial Statistics/Homework #6/Rplot19.png>]
Underfull \hbox (badness 10000) in paragraph at lines 453--456

 []

[27] (/Users/stefanofochesatto/Documents/Documents/College Work/Homework-Spring-2022/Spatial Statistics/Homework #6/r12.txt)
Underfull \hbox (badness 10000) in paragraph at lines 526--527

 []

[28]
Underfull \hbox (badness 10000) in paragraph at lines 534--536

 []


Underfull \hbox (badness 10000) in paragraph at lines 547--549

 []

<Rplot20.png, id=149, 761.84625pt x 648.4225pt>
File: Rplot20.png Graphic file (type png)
<use Rplot20.png>
Package pdftex.def Info: Rplot20.png  used on input line 567.
(pdftex.def)             Requested size: 433.62001pt x 369.06049pt.
[29] (/Users/stefanofochesatto/Documents/Documents/College Work/Homework-Spring-2022/Spatial Statistics/Homework #6/r13.txt) [30 </Users/stefanofochesatto/Documents/Documents/College Work/Homework-Spring-2022/Spatial Statistics/Homework #6/Rplot20.png>] [31] (/Users/stefanofochesatto/Documents/Documents/College Work/Homework-Spring-2022/Spatial Statistics/Homework #6/Homework #6.aux) ) 
Here is how much of TeX's memory you used:
 7637 strings out of 478994
 116680 string characters out of 5858185
 606372 words of memory out of 5000000
 24932 multiletter control sequences out of 15000+600000
 431665 words of font info for 92 fonts, out of 8000000 for 9000
 1141 hyphenation exceptions out of 8191
 86i,13n,89p,388b,1806s stack positions out of 5000i,500n,10000p,200000b,80000s
{/usr/local/texlive/2021/texmf-dist/fonts/enc/dvips/base/8r.enc}</usr/local/texlive/2021/texmf-dist/fonts/type1/public/txfonts/rtcxr.pfb></usr/local/texlive/2021/texmf-dist/fonts/type1/public/txfonts/rtxmi.pfb></usr/local/texlive/2021/texmf-dist/fonts/type1/public/txfonts/rtxr.pfb></usr/local/texlive/2021/texmf-dist/fonts/type1/public/txfonts/txex.pfb></usr/local/texlive/2021/texmf-dist/fonts/type1/public/txfonts/txsy.pfb></usr/local/texlive/2021/texmf-dist/fonts/type1/public/txfonts/txsyb.pfb></usr/local/texlive/2021/texmf-dist/fonts/type1/urw/times/utmb8a.pfb></usr/local/texlive/2021/texmf-dist/fonts/type1/urw/times/utmr8a.pfb></usr/local/texlive/2021/texmf-dist/fonts/type1/urw/times/utmri8a.pfb>
Output written on "/Users/stefanofochesatto/Documents/Documents/College Work/Homework-Spring-2022/Spatial Statistics/Homework #6/Homework #6.pdf" (31 pages, 1465876 bytes).
PDF statistics:
 192 PDF objects out of 1000 (max. 8388607)
 99 compressed objects within 1 object stream
 0 named destinations out of 1000 (max. 500000)
 126 words of extra memory for PDF output out of 10000 (max. 10000000)

